<?xml version="1.0" encoding="UTF-8"?>
<testsuite xmlns:xsi="http://www.w3.org/2001/XMLSchema-instance" xsi:noNamespaceSchemaLocation="https://maven.apache.org/surefire/maven-surefire-plugin/xsd/surefire-test-report.xsd" name="SubsetTest" time="0.05" tests="5" errors="0" skipped="0" failures="0">
  <properties>
[...]
</properties>
  <testcase name="test1" classname="SubsetTest" time="0.034"/>
  <testcase name="test2" classname="SubsetTest" time="0"/>
  <testcase name="test3" classname="SubsetTest" time="0.001"/>
  <testcase name="nullValue" classname="SubsetTest" time="0.004"/>
  <testcase name="indexOutOfBounds" classname="SubsetTest" time="0.003"/>
</testsuite>